<?xml version="1.0" encoding="UTF-8"?>
<!-- Generated by org.testng.reporters.JUnitReportReporter -->
<testsuite skipped="0" hostname="DESKTOP-D5LTVCT" name="testcase.TC001_LoginAndLogOut" tests="1" failures="0" timestamp="11 May 2019 17:58:56 GMT" time="16.613" errors="0">
  <testcase name="loginAndLogOut" time="16.613" classname="testcase.TC001_LoginAndLogOut"/>
</testsuite> <!-- testcase.TC001_LoginAndLogOut -->
